<?xml version="1.0" encoding="UTF-8"?>
<testng-results ignored="0" total="2" passed="2" failed="0" skipped="0">
  <reporter-output>
  </reporter-output>
  <suite started-at="2024-03-01T11:25:42 IST" name="Default suite" finished-at="2024-03-01T11:26:37 IST" duration-ms="54964">
    <groups>
    </groups>
    <test started-at="2024-03-01T11:25:42 IST" name="Default test" finished-at="2024-03-01T11:26:37 IST" duration-ms="54964">
      <class name="tests.SearchTest">
        <test-method is-config="true" signature="setupReport()[pri:0, instance:tests.SearchTest@6d4d66d2]" started-at="2024-03-01T11:25:42 IST" name="setupReport" finished-at="2024-03-01T11:25:42 IST" duration-ms="305" status="PASS">
          <reporter-output>
          </reporter-output>
        </test-method> <!-- setupReport -->
        <test-method is-config="true" signature="setup()[pri:0, instance:tests.SearchTest@6d4d66d2]" started-at="2024-03-01T11:25:42 IST" name="setup" finished-at="2024-03-01T11:26:07 IST" duration-ms="24413" status="PASS">
          <reporter-output>
          </reporter-output>
        </test-method> <!-- setup -->
        <test-method signature="test1()[pri:0, instance:tests.SearchTest@6d4d66d2]" started-at="2024-03-01T11:26:07 IST" name="test1" finished-at="2024-03-01T11:26:17 IST" duration-ms="10022" status="PASS">
          <reporter-output>
          </reporter-output>
        </test-method> <!-- test1 -->
        <test-method signature="test2()[pri:0, instance:tests.SearchTest@6d4d66d2]" started-at="2024-03-01T11:26:17 IST" name="test2" finished-at="2024-03-01T11:26:36 IST" duration-ms="18875" status="PASS">
          <reporter-output>
          </reporter-output>
        </test-method> <!-- test2 -->
        <test-method is-config="true" signature="tearDown()[pri:0, instance:tests.SearchTest@6d4d66d2]" started-at="2024-03-01T11:26:36 IST" name="tearDown" finished-at="2024-03-01T11:26:37 IST" duration-ms="1591" status="PASS">
          <reporter-output>
          </reporter-output>
        </test-method> <!-- tearDown -->
        <test-method is-config="true" signature="teardownReport()[pri:0, instance:tests.SearchTest@6d4d66d2]" started-at="2024-03-01T11:26:37 IST" name="teardownReport" finished-at="2024-03-01T11:26:38 IST" duration-ms="452" status="PASS">
          <reporter-output>
          </reporter-output>
        </test-method> <!-- teardownReport -->
      </class> <!-- tests.SearchTest -->
    </test> <!-- Default test -->
  </suite> <!-- Default suite -->
</testng-results>
